#
# There is insufficient memory for the Java Runtime Environment to continue.
# Native memory allocation (mmap) failed to map 125829120 bytes. Error detail: G1 virtual space
# Possible reasons:
#   The system is out of physical RAM or swap space
#   This process is running with CompressedOops enabled, and the Java Heap may be blocking the growth of the native heap
# Possible solutions:
#   Reduce memory load on the system
#   Increase physical memory or swap space
#   Check if swap backing store is full
#   Decrease Java heap size (-Xmx/-Xms)
#   Decrease number of Java threads
#   Decrease Java thread stack sizes (-Xss)
#   Set larger code cache with -XX:ReservedCodeCacheSize=
#   JVM is running with Unscaled Compressed Oops mode in which the Java heap is
#     placed in the first 4GB address space. The Java Heap base address is the
#     maximum limit for the native heap growth. Please use -XX:HeapBaseMinAddress
#     to set the Java Heap base and to place the Java Heap above 4GB virtual address.
# This output file may be truncated or incomplete.
#
#  Out of Memory Error (os_windows.cpp:3828), pid=22568, tid=11344
#
# JRE version:  (21.0.4) (build )
# Java VM: OpenJDK 64-Bit Server VM (21.0.4+-12508038-b607.1, mixed mode, sharing, tiered, compressed oops, compressed class ptrs, g1 gc, windows-amd64)
# No core dump will be written. Minidumps are not enabled by default on client versions of Windows
#

---------------  S U M M A R Y ------------

Command Line: 

Host: AMD Ryzen 5 4600H with Radeon Graphics         , 12 cores, 7G,  Windows 11 , 64 bit Build 26100 (10.0.26100.3037)
Time: Sun Feb 23 10:49:18 2025 India Standard Time elapsed time: 1.179102 seconds (0d 0h 0m 1s)

---------------  T H R E A D  ---------------

Current thread (0x00000287cc0cd7c0):  JavaThread "Unknown thread" [_thread_in_vm, id=11344, stack(0x000000f5a0f00000,0x000000f5a1000000) (1024K)]

Stack: [0x000000f5a0f00000,0x000000f5a1000000]
Native frames: (J=compiled Java code, j=interpreted, Vv=VM code, C=native code)
V  [jvm.dll+0x6ce539]
V  [jvm.dll+0x85bf03]
V  [jvm.dll+0x85e45e]
V  [jvm.dll+0x85eb43]
V  [jvm.dll+0x27dd06]
V  [jvm.dll+0x6cada5]
V  [jvm.dll+0x6bf27a]
V  [jvm.dll+0x3541fb]
V  [jvm.dll+0x35be36]
V  [jvm.dll+0x3adbc6]
V  [jvm.dll+0x3ade98]
V  [jvm.dll+0x32691c]
V  [jvm.dll+0x32760b]
V  [jvm.dll+0x823959]
V  [jvm.dll+0x3bacf8]
V  [jvm.dll+0x80cd58]
V  [jvm.dll+0x44ef2e]
V  [jvm.dll+0x450691]
C  [jli.dll+0x52ab]
C  [ucrtbase.dll+0x37b0]
C  [KERNEL32.DLL+0x2e8d7]
C  [ntdll.dll+0xbbf2c]


---------------  P R O C E S S  ---------------

Threads class SMR info:
_java_thread_list=0x00007ff8651ca808, length=0, elements={
}

Java Threads: ( => current thread )
Total: 0

Other Threads:
  0x00000287ce397e00 WorkerThread "GC Thread#0"                     [id=23112, stack(0x000000f5a1000000,0x000000f5a1100000) (1024K)]
  0x00000287ce3a7b60 ConcurrentGCThread "G1 Main Marker"            [id=22820, stack(0x000000f5a1100000,0x000000f5a1200000) (1024K)]
  0x00000287ce3a9cb0 WorkerThread "G1 Conc#0"                       [id=16596, stack(0x000000f5a1200000,0x000000f5a1300000) (1024K)]

[error occurred during error reporting (printing all threads), id 0xc0000005, EXCEPTION_ACCESS_VIOLATION (0xc0000005) at pc=0x00007ff8649c9957]
VM state: not at safepoint (not fully initialized)

VM Mutex/Monitor currently owned by a thread:  ([mutex/lock_event])
[0x00007ff8652373f8] Heap_lock - owner thread: 0x00000287cc0cd7c0

Heap address: 0x0000000089400000, size: 1900 MB, Compressed Oops mode: 32-bit

CDS archive(s) mapped at: [0x0000000000000000-0x0000000000000000-0x0000000000000000), size 0, SharedBaseAddress: 0x0000000800000000, ArchiveRelocationMode: 1.
Narrow klass base: 0x0000000000000000, Narrow klass shift: 0, Narrow klass range: 0x0

GC Precious Log:
 CardTable entry size: 512
 Card Set container configuration: InlinePtr #cards 5 size 8 Array Of Cards #cards 12 size 40 Howl #buckets 4 coarsen threshold 1843 Howl Bitmap #cards 512 size 80 coarsen threshold 460 Card regions per heap region 1 cards per card region 2048

Heap:
 garbage-first heap   total 0K, used 0K [0x0000000089400000, 0x0000000100000000)
  region size 1024K, 0 young (0K), 0 survivors (0K)
 Metaspace       used 0K, committed 0K, reserved 0K
  class space    used 0K, committed 0K, reserved 0K

Heap Regions: E=young(eden), S=young(survivor), O=old, HS=humongous(starts), HC=humongous(continues), CS=collection set, F=free, TAMS=top-at-mark-start, PB=parsable bottom

Card table byte_map: [0x00000287e0db0000,0x00000287e1170000] _byte_map_base: 0x00000287e0966000

Marking Bits: (CMBitMap*) 0x00000287ce398500
 Bits: [0x00000287e1170000, 0x00000287e2f20000)

GC Heap History (0 events):
No events

Dll operation events (1 events):
Event: 0.008 Loaded shared library C:\Program Files\Android\Android Studio\jbr\bin\java.dll

Deoptimization events (0 events):
No events

Classes loaded (0 events):
No events

Classes unloaded (0 events):
No events

Classes redefined (0 events):
No events

Internal exceptions (0 events):
No events

ZGC Phase Switch (0 events):
No events

VM Operations (0 events):
No events

Memory protections (0 events):
No events

Nmethod flushes (0 events):
No events

Events (0 events):
No events


Dynamic libraries:
0x00007ff6b3cb0000 - 0x00007ff6b3cba000 	C:\Program Files\Android\Android Studio\jbr\bin\java.EXE
0x00007ff8ce080000 - 0x00007ff8ce2e3000 	C:\WINDOWS\SYSTEM32\ntdll.dll
0x00007ff8cd850000 - 0x00007ff8cd917000 	C:\WINDOWS\System32\KERNEL32.DLL
0x00007ff8cb420000 - 0x00007ff8cb7e7000 	C:\WINDOWS\System32\KERNELBASE.dll
0x00007ff8cb940000 - 0x00007ff8cba8c000 	C:\WINDOWS\System32\ucrtbase.dll
0x00007ff8c2640000 - 0x00007ff8c265b000 	C:\Program Files\Android\Android Studio\jbr\bin\VCRUNTIME140.dll
0x00007ff896970000 - 0x00007ff896988000 	C:\Program Files\Android\Android Studio\jbr\bin\jli.dll
0x00007ff8cd670000 - 0x00007ff8cd839000 	C:\WINDOWS\System32\USER32.dll
0x00007ff8b5fd0000 - 0x00007ff8b6260000 	C:\WINDOWS\WinSxS\amd64_microsoft.windows.common-controls_6595b64144ccf1df_6.0.26100.3037_none_3e09262ce333c378\COMCTL32.dll
0x00007ff8cbd10000 - 0x00007ff8cbd37000 	C:\WINDOWS\System32\win32u.dll
0x00007ff8cdb00000 - 0x00007ff8cdba9000 	C:\WINDOWS\System32\msvcrt.dll
0x00007ff8cbec0000 - 0x00007ff8cbeea000 	C:\WINDOWS\System32\GDI32.dll
0x00007ff8cbb30000 - 0x00007ff8cbc5b000 	C:\WINDOWS\System32\gdi32full.dll
0x00007ff8cbc60000 - 0x00007ff8cbd03000 	C:\WINDOWS\System32\msvcp_win.dll
0x00007ff8cc690000 - 0x00007ff8cc6bf000 	C:\WINDOWS\System32\IMM32.DLL
0x00007ff8c2cb0000 - 0x00007ff8c2cbc000 	C:\Program Files\Android\Android Studio\jbr\bin\vcruntime140_1.dll
0x00007ff887ea0000 - 0x00007ff887f2d000 	C:\Program Files\Android\Android Studio\jbr\bin\msvcp140.dll
0x00007ff864690000 - 0x00007ff865313000 	C:\Program Files\Android\Android Studio\jbr\bin\server\jvm.dll
0x00007ff8cdf80000 - 0x00007ff8ce034000 	C:\WINDOWS\System32\ADVAPI32.dll
0x00007ff8cc6d0000 - 0x00007ff8cc776000 	C:\WINDOWS\System32\sechost.dll
0x00007ff8cc280000 - 0x00007ff8cc396000 	C:\WINDOWS\System32\RPCRT4.dll
0x00007ff8cd9a0000 - 0x00007ff8cda14000 	C:\WINDOWS\System32\WS2_32.dll
0x00007ff8c18a0000 - 0x00007ff8c18ab000 	C:\WINDOWS\SYSTEM32\VERSION.dll
0x00007ff8cb0f0000 - 0x00007ff8cb13e000 	C:\WINDOWS\SYSTEM32\POWRPROF.dll
0x00007ff8c1860000 - 0x00007ff8c1896000 	C:\WINDOWS\SYSTEM32\WINMM.dll
0x00007ff8cb0d0000 - 0x00007ff8cb0e4000 	C:\WINDOWS\SYSTEM32\UMPDC.dll
0x00007ff8ca2c0000 - 0x00007ff8ca2da000 	C:\WINDOWS\SYSTEM32\kernel.appcore.dll
0x00007ff8c2630000 - 0x00007ff8c263a000 	C:\Program Files\Android\Android Studio\jbr\bin\jimage.dll
0x00007ff8bdca0000 - 0x00007ff8bdee1000 	C:\WINDOWS\SYSTEM32\DBGHELP.DLL
0x00007ff8cbef0000 - 0x00007ff8cc26e000 	C:\WINDOWS\System32\combase.dll
0x00007ff8cda20000 - 0x00007ff8cdaf6000 	C:\WINDOWS\System32\OLEAUT32.dll
0x00007ff8b5c80000 - 0x00007ff8b5cb9000 	C:\WINDOWS\SYSTEM32\dbgcore.DLL
0x00007ff8cba90000 - 0x00007ff8cbb29000 	C:\WINDOWS\System32\bcryptPrimitives.dll
0x00007ff8c2610000 - 0x00007ff8c2630000 	C:\Program Files\Android\Android Studio\jbr\bin\java.dll

dbghelp: loaded successfully - version: 4.0.5 - missing functions: none
symbol engine: initialized successfully - sym options: 0x614 - pdb path: .;C:\Program Files\Android\Android Studio\jbr\bin;C:\WINDOWS\SYSTEM32;C:\WINDOWS\WinSxS\amd64_microsoft.windows.common-controls_6595b64144ccf1df_6.0.26100.3037_none_3e09262ce333c378;C:\Program Files\Android\Android Studio\jbr\bin\server

VM Arguments:
java_command: <unknown>
java_class_path (initial): <not set>
Launcher Type: SUN_STANDARD

[Global flags]
     intx CICompilerCount                          = 4                                         {product} {ergonomic}
     uint ConcGCThreads                            = 3                                         {product} {ergonomic}
     uint G1ConcRefinementThreads                  = 10                                        {product} {ergonomic}
   size_t G1HeapRegionSize                         = 1048576                                   {product} {ergonomic}
    uintx GCDrainStackTargetSize                   = 64                                        {product} {ergonomic}
   size_t InitialHeapSize                          = 125829120                                 {product} {ergonomic}
   size_t MarkStackSize                            = 4194304                                   {product} {ergonomic}
   size_t MaxHeapSize                              = 1992294400                                {product} {ergonomic}
   size_t MinHeapDeltaBytes                        = 1048576                                   {product} {ergonomic}
   size_t MinHeapSize                              = 8388608                                   {product} {ergonomic}
    uintx NonNMethodCodeHeapSize                   = 5839372                                {pd product} {ergonomic}
    uintx NonProfiledCodeHeapSize                  = 122909434                              {pd product} {ergonomic}
    uintx ProfiledCodeHeapSize                     = 122909434                              {pd product} {ergonomic}
    uintx ReservedCodeCacheSize                    = 251658240                              {pd product} {ergonomic}
     bool SegmentedCodeCache                       = true                                      {product} {ergonomic}
   size_t SoftMaxHeapSize                          = 1992294400                             {manageable} {ergonomic}
     bool UseCompressedOops                        = true                           {product lp64_product} {ergonomic}
     bool UseG1GC                                  = true                                      {product} {ergonomic}
     bool UseLargePagesIndividualAllocation        = false                                  {pd product} {ergonomic}

Logging:
Log output configuration:
 #0: stdout all=warning uptime,level,tags foldmultilines=false
 #1: stderr all=off uptime,level,tags foldmultilines=false

Environment Variables:
PATH=C:\Program Files\NVIDIA GPU Computing Toolkit\CUDA\v12.8\bin;C:\Program Files\NVIDIA GPU Computing Toolkit\CUDA\v12.8\libnvvp;C:\Windows\system32;C:\Windows;C:\Windows\System32\Wbem;C:\Windows\System32\WindowsPowerShell\v1.0\;C:\Windows\System32\OpenSSH\;C:\Program Files (x86)\NVIDIA Corporation\PhysX\Common;C:\Program Files\NVIDIA Corporation\NVIDIA NvDLISR;C:\WINDOWS\system32;C:\WINDOWS;C:\WINDOWS\System32\Wbem;C:\WINDOWS\System32\WindowsPowerShell\v1.0\;C:\WINDOWS\System32\OpenSSH\;C:\Program Files\dotnet\;C:\Python312\;C:\Python312\Scripts\;C:\Program Files\NVIDIA Corporation\Nsight Compute 2025.1.0\;C:\Program Files\NVIDIA Corporation\NVIDIA app\NvDLISR;%NVM_HOME%;%NVM_SYMLINK%;C:\Users\mayan\AppData\Local\Microsoft\WindowsApps;C:\Users\mayan\AppData\Roaming\npm;C:\Users\mayan\AppData\Local\GitHubDesktop\bin;C:\Users\mayan\AppData\Local\Programs\Microsoft VS Code\bin;C:\flutter\bin;C:\Users\mayan\AppData\Local\nvm;C:\nvm4w\nodejs;C:\Users\mayan\AppData\Local\nvm\;;C:\flutter\bin\mingit\cmd
USERNAME=mayan
OS=Windows_NT
PROCESSOR_IDENTIFIER=AMD64 Family 23 Model 96 Stepping 1, AuthenticAMD
TMP=C:\Users\mayan\AppData\Local\Temp
TEMP=C:\Users\mayan\AppData\Local\Temp




Periodic native trim disabled

JNI global refs:
JNI global refs: 0, weak refs: 0

JNI global refs memory usage: 0, weak refs: 0

Process memory usage:
Resident Set Size: 12468K (0% of 7780044K total physical memory with 973508K free physical memory)

OOME stack traces (most recent first):
Classloader memory used:

---------------  S Y S T E M  ---------------

OS:
 Windows 11 , 64 bit Build 26100 (10.0.26100.3037)
OS uptime: 7 days 1:38 hours
Hyper-V role detected

CPU: total 12 (initial active 12) (12 cores per cpu, 2 threads per core) family 23 model 96 stepping 1 microcode 0x8600106, cx8, cmov, fxsr, ht, mmx, 3dnowpref, sse, sse2, sse3, ssse3, sse4a, sse4.1, sse4.2, popcnt, lzcnt, tsc, tscinvbit, avx, avx2, aes, clmul, bmi1, bmi2, adx, sha, fma, vzeroupper, clflush, clflushopt, hv, rdtscp, rdpid, f16c
Processor Information for all 12 processors :
  Max Mhz: 3001, Current Mhz: 3001, Mhz Limit: 3001

Memory: 4k page, system-wide physical 7597M (950M free)
TotalPageFile size 31149M (AvailPageFile size 27M)
current process WorkingSet (physical memory assigned to process): 12M, peak: 12M
current process commit charge ("private bytes"): 64M, peak: 184M

vm_info: OpenJDK 64-Bit Server VM (21.0.4+-12508038-b607.1) for windows-amd64 JRE (21.0.4+-12508038-b607.1), built on 2024-10-16T17:23:34Z by "builder" with MS VC++ 16.10 / 16.11 (VS2019)

END.
